Performing C SOURCE FILE Test CMAKE_HAVE_LIBC_PTHREAD failed with the following output:
Change Dir: /mnt/c/Users/yasee/Downloads/Assignment 3-starter-files-hoqueya1/csc376-assignment3/build/CMakeFiles/CMakeTmp

Run Build Command(s):/usr/bin/make cmTC_308cf/fast && make[1]: Warning: File 'Makefile' has modification time 0.79 s in the future
/usr/bin/make -f CMakeFiles/cmTC_308cf.dir/build.make CMakeFiles/cmTC_308cf.dir/build
make[2]: Warning: File 'CMakeFiles/cmTC_308cf.dir/flags.make' has modification time 0.76 s in the future
Building C object CMakeFiles/cmTC_308cf.dir/src.c.o
/usr/bin/cc   -DCMAKE_HAVE_LIBC_PTHREAD   -o CMakeFiles/cmTC_308cf.dir/src.c.o   -c "/mnt/c/Users/yasee/Downloads/Assignment 3-starter-files-hoqueya1/csc376-assignment3/build/CMakeFiles/CMakeTmp/src.c"
Linking C executable cmTC_308cf
/usr/bin/cmake -E cmake_link_script CMakeFiles/cmTC_308cf.dir/link.txt --verbose=1
/usr/bin/cc  -DCMAKE_HAVE_LIBC_PTHREAD    -rdynamic CMakeFiles/cmTC_308cf.dir/src.c.o  -o cmTC_308cf 
/usr/bin/ld: CMakeFiles/cmTC_308cf.dir/src.c.o: in function `main':
src.c:(.text+0x46): undefined reference to `pthread_create'
/usr/bin/ld: src.c:(.text+0x52): undefined reference to `pthread_detach'
/usr/bin/ld: src.c:(.text+0x63): undefined reference to `pthread_join'
collect2: error: ld returned 1 exit status
make[2]: *** [CMakeFiles/cmTC_308cf.dir/build.make:87: cmTC_308cf] Error 1
make[1]: *** [Makefile:121: cmTC_308cf/fast] Error 2


Source file was:
#include <pthread.h>

void* test_func(void* data)
{
  return data;
}

int main(void)
{
  pthread_t thread;
  pthread_create(&thread, NULL, test_func, NULL);
  pthread_detach(thread);
  pthread_join(thread, NULL);
  pthread_atfork(NULL, NULL, NULL);
  pthread_exit(NULL);

  return 0;
}

Determining if the function pthread_create exists in the pthreads failed with the following output:
Change Dir: /mnt/c/Users/yasee/Downloads/Assignment 3-starter-files-hoqueya1/csc376-assignment3/build/CMakeFiles/CMakeTmp

Run Build Command(s):/usr/bin/make cmTC_b1f7a/fast && make[1]: Warning: File 'Makefile' has modification time 0.77 s in the future
/usr/bin/make -f CMakeFiles/cmTC_b1f7a.dir/build.make CMakeFiles/cmTC_b1f7a.dir/build
make[2]: Warning: File 'CMakeFiles/cmTC_b1f7a.dir/flags.make' has modification time 0.75 s in the future
Building C object CMakeFiles/cmTC_b1f7a.dir/CheckFunctionExists.c.o
/usr/bin/cc   -DCHECK_FUNCTION_EXISTS=pthread_create   -o CMakeFiles/cmTC_b1f7a.dir/CheckFunctionExists.c.o   -c /usr/share/cmake-3.16/Modules/CheckFunctionExists.c
Linking C executable cmTC_b1f7a
/usr/bin/cmake -E cmake_link_script CMakeFiles/cmTC_b1f7a.dir/link.txt --verbose=1
/usr/bin/cc  -DCHECK_FUNCTION_EXISTS=pthread_create    -rdynamic CMakeFiles/cmTC_b1f7a.dir/CheckFunctionExists.c.o  -o cmTC_b1f7a  -lpthreads 
/usr/bin/ld: cannot find -lpthreads
collect2: error: ld returned 1 exit status
make[2]: *** [CMakeFiles/cmTC_b1f7a.dir/build.make:87: cmTC_b1f7a] Error 1
make[1]: *** [Makefile:121: cmTC_b1f7a/fast] Error 2



